[2026-05-04 16:07:11] INFO     pillsafe.camera — Picamera2 not found — falling back to OpenCV VideoCapture
[2026-05-04 16:07:25] INFO     pillsafe.camera — Picamera2 not found — falling back to OpenCV VideoCapture
[2026-05-04 16:10:52] INFO     pillsafe.camera — Picamera2 not found — falling back to OpenCV VideoCapture
[2026-05-04 16:10:52] WARNING  pillsafe.dispenser — RPi.GPIO not available — dispenser in simulation mode
[2026-05-04 16:10:52] WARNING  pillsafe.ir_sensor — RPi.GPIO not available — IR sensors in simulation mode
[2026-05-04 16:10:52] WARNING  pillsafe.rtc — smbus2 not available — RTC using system clock fallback
[2026-05-04 16:10:53] INFO     pillsafe.main — ============================================================
[2026-05-04 16:10:53] INFO     pillsafe.main — PillSafe Smart Pill Dispenser — Starting Up
[2026-05-04 16:10:53] INFO     pillsafe.main — ============================================================
[2026-05-04 16:10:53] INFO     pillsafe.main — Initialising database...
[2026-05-04 16:10:53] INFO     pillsafe.database — Database initialised at data/pillsafe.db
[2026-05-04 16:10:53] INFO     pillsafe.main — Initialising hardware modules...
[2026-05-04 16:10:53] INFO     pillsafe.dispenser — Dispenser GPIO simulated — pin 18
[2026-05-04 16:10:53] INFO     pillsafe.ir_sensor — IR sensors simulated on GPIO 23, 24
[2026-05-04 16:10:53] INFO     pillsafe.buzzer — Buzzer simulated on GPIO 25
[2026-05-04 16:10:53] ERROR    pillsafe.gsm — Serial port /dev/ttyUSB0 error: could not open port '/dev/ttyUSB0': FileNotFoundError(2, 'The system cannot find the path specified.', None, 3)
[2026-05-04 16:10:53] INFO     pillsafe.main — Initialising facial recognition pipeline...
[2026-05-04 16:10:53] INFO     pillsafe.detector — Face detector initialised (ROI size: (200, 200))
[2026-05-04 16:10:53] INFO     pillsafe.recogniser — No trained model found — enrolment required
[2026-05-04 16:10:53] INFO     pillsafe.liveness — Liveness detector (enabled=True, blinks=2)
[2026-05-04 16:10:53] INFO     pillsafe.alerts — Alert service started
[2026-05-04 16:10:53] INFO     pillsafe.scheduler — Scheduler started (polling every 60s, grace=15 min)
[2026-05-04 16:10:53] INFO     pillsafe.main — Flask API started on 0.0.0.0:5000
[2026-05-04 16:10:53] INFO     pillsafe.main — System ready — RTC time: 2026-05-04 16:10:53
[2026-05-04 16:10:53] INFO     pillsafe.main — Entering idle state — waiting for dispensing events...
[2026-05-04 16:12:54] INFO     pillsafe.main — Shutdown signal received (signal 2)
[2026-05-04 16:12:54] INFO     pillsafe.main — Shutting down PillSafe...
[2026-05-04 16:13:04] INFO     pillsafe.scheduler — Scheduler stopped
[2026-05-04 16:13:09] INFO     pillsafe.alerts — Alert service stopped
[2026-05-04 16:13:09] INFO     pillsafe.main — PillSafe shut down complete
[2026-05-04 16:13:09] INFO     pillsafe.main — ============================================================
[2026-05-04 16:19:54] INFO     pillsafe.camera — Picamera2 not found — falling back to OpenCV VideoCapture
[2026-05-04 16:19:54] WARNING  pillsafe.dispenser — RPi.GPIO not available — dispenser in simulation mode
[2026-05-04 16:19:54] WARNING  pillsafe.ir_sensor — RPi.GPIO not available — IR sensors in simulation mode
[2026-05-04 16:19:54] WARNING  pillsafe.rtc — smbus2 not available — RTC using system clock fallback
[2026-05-04 16:19:54] INFO     pillsafe.main — ============================================================
[2026-05-04 16:19:54] INFO     pillsafe.main — PillSafe Smart Pill Dispenser — Starting Up
[2026-05-04 16:19:54] INFO     pillsafe.main — ============================================================
[2026-05-04 16:19:54] INFO     pillsafe.main — Initialising database...
[2026-05-04 16:19:54] INFO     pillsafe.database — Database initialised at data/pillsafe.db
[2026-05-04 16:19:54] INFO     pillsafe.main — Initialising hardware modules...
[2026-05-04 16:19:54] INFO     pillsafe.dispenser — Dispenser GPIO simulated — pin 18
[2026-05-04 16:19:54] INFO     pillsafe.ir_sensor — IR sensors simulated on GPIO 23, 24
[2026-05-04 16:19:54] INFO     pillsafe.buzzer — Buzzer simulated on GPIO 25
[2026-05-04 16:19:54] ERROR    pillsafe.gsm — Serial port /dev/ttyUSB0 error: could not open port '/dev/ttyUSB0': FileNotFoundError(2, 'The system cannot find the path specified.', None, 3)
[2026-05-04 16:19:54] INFO     pillsafe.main — Initialising facial recognition pipeline...
[2026-05-04 16:19:54] INFO     pillsafe.detector — Face detector initialised (ROI size: (200, 200))
[2026-05-04 16:19:54] INFO     pillsafe.recogniser — No trained model found — enrolment required
[2026-05-04 16:19:54] INFO     pillsafe.liveness — Liveness detector (enabled=True, blinks=2)
[2026-05-04 16:19:54] INFO     pillsafe.alerts — Alert service started
[2026-05-04 16:19:54] INFO     pillsafe.scheduler — Scheduler started (polling every 60s, grace=15 min)
[2026-05-04 16:19:54] INFO     pillsafe.main — Flask API started on 0.0.0.0:5000
[2026-05-04 16:19:54] INFO     pillsafe.main — System ready — RTC time: 2026-05-04 16:19:54
[2026-05-04 16:19:54] INFO     pillsafe.main — Entering idle state — waiting for dispensing events...
[2026-05-04 16:20:02] INFO     pillsafe.main — Shutdown signal received (signal 2)
[2026-05-04 16:20:02] INFO     pillsafe.main — Shutting down PillSafe...
[2026-05-04 16:20:12] INFO     pillsafe.scheduler — Scheduler stopped
[2026-05-04 16:20:17] INFO     pillsafe.alerts — Alert service stopped
[2026-05-04 16:20:17] INFO     pillsafe.main — PillSafe shut down complete
[2026-05-04 16:20:17] INFO     pillsafe.main — ============================================================
